[2025-12-30T09:25:55.517+0000] {taskinstance.py:1956} INFO - Dependencies all met for dep_context=non-requeueable deps ti=<TaskInstance: co2_emissions_databricks_etl.run_co2_databricks_job scheduled__2025-12-29T00:00:00+00:00 [queued]>
[2025-12-30T09:25:55.541+0000] {taskinstance.py:1956} INFO - Dependencies all met for dep_context=requeueable deps ti=<TaskInstance: co2_emissions_databricks_etl.run_co2_databricks_job scheduled__2025-12-29T00:00:00+00:00 [queued]>
[2025-12-30T09:25:55.543+0000] {taskinstance.py:2170} INFO - Starting attempt 1 of 3
[2025-12-30T09:25:55.576+0000] {taskinstance.py:2191} INFO - Executing <Task(DatabricksRunNowOperator): run_co2_databricks_job> on 2025-12-29 00:00:00+00:00
[2025-12-30T09:25:55.588+0000] {standard_task_runner.py:60} INFO - Started process 207 to run task
[2025-12-30T09:25:55.604+0000] {standard_task_runner.py:87} INFO - Running: ['***', 'tasks', 'run', 'co2_emissions_databricks_etl', 'run_co2_databricks_job', 'scheduled__2025-12-29T00:00:00+00:00', '--job-id', '2', '--raw', '--subdir', 'DAGS_FOLDER/co2_databricks_etl_dag.py', '--cfg-path', '/tmp/tmpvy9h7apx']
[2025-12-30T09:25:55.614+0000] {standard_task_runner.py:88} INFO - Job 2: Subtask run_co2_databricks_job
[2025-12-30T09:25:55.979+0000] {task_command.py:423} INFO - Running <TaskInstance: co2_emissions_databricks_etl.run_co2_databricks_job scheduled__2025-12-29T00:00:00+00:00 [running]> on host 46d3113e088e
[2025-12-30T09:25:56.290+0000] {taskinstance.py:2480} INFO - Exporting env vars: AIRFLOW_CTX_DAG_OWNER='Bhavani' AIRFLOW_CTX_DAG_ID='co2_emissions_databricks_etl' AIRFLOW_CTX_TASK_ID='run_co2_databricks_job' AIRFLOW_CTX_EXECUTION_DATE='2025-12-29T00:00:00+00:00' AIRFLOW_CTX_TRY_NUMBER='1' AIRFLOW_CTX_DAG_RUN_ID='scheduled__2025-12-29T00:00:00+00:00'
[2025-12-30T09:25:56.317+0000] {base.py:83} INFO - Using connection ID 'databricks_default' for task execution.
[2025-12-30T09:25:56.321+0000] {databricks_base.py:546} INFO - Using basic auth.
[2025-12-30T09:25:56.337+0000] {databricks_base.py:516} ERROR - Attempt 1 API Request to Databricks failed with reason: <Future at 0x7eae36cd95b0 state=finished raised ConnectionError>
[2025-12-30T09:25:57.343+0000] {databricks_base.py:516} ERROR - Attempt 2 API Request to Databricks failed with reason: <Future at 0x7eae36cecee0 state=finished raised ConnectionError>
[2025-12-30T09:25:59.349+0000] {databricks_base.py:516} ERROR - Attempt 3 API Request to Databricks failed with reason: <Future at 0x7eae36dd07c0 state=finished raised ConnectionError>
[2025-12-30T09:25:59.363+0000] {taskinstance.py:2698} ERROR - Task failed with exception
Traceback (most recent call last):
  File "/home/airflow/.local/lib/python3.8/site-packages/urllib3/connection.py", line 174, in _new_conn
    conn = connection.create_connection(
  File "/home/airflow/.local/lib/python3.8/site-packages/urllib3/util/connection.py", line 95, in create_connection
    raise err
  File "/home/airflow/.local/lib/python3.8/site-packages/urllib3/util/connection.py", line 85, in create_connection
    sock.connect(sa)
ConnectionRefusedError: [Errno 111] Connection refused

During handling of the above exception, another exception occurred:

Traceback (most recent call last):
  File "/home/airflow/.local/lib/python3.8/site-packages/urllib3/connectionpool.py", line 715, in urlopen
    httplib_response = self._make_request(
  File "/home/airflow/.local/lib/python3.8/site-packages/urllib3/connectionpool.py", line 404, in _make_request
    self._validate_conn(conn)
  File "/home/airflow/.local/lib/python3.8/site-packages/urllib3/connectionpool.py", line 1058, in _validate_conn
    conn.connect()
  File "/home/airflow/.local/lib/python3.8/site-packages/urllib3/connection.py", line 363, in connect
    self.sock = conn = self._new_conn()
  File "/home/airflow/.local/lib/python3.8/site-packages/urllib3/connection.py", line 186, in _new_conn
    raise NewConnectionError(
urllib3.exceptions.NewConnectionError: <urllib3.connection.HTTPSConnection object at 0x7eae36dd0be0>: Failed to establish a new connection: [Errno 111] Connection refused

During handling of the above exception, another exception occurred:

Traceback (most recent call last):
  File "/home/airflow/.local/lib/python3.8/site-packages/requests/adapters.py", line 486, in send
    resp = conn.urlopen(
  File "/home/airflow/.local/lib/python3.8/site-packages/urllib3/connectionpool.py", line 799, in urlopen
    retries = retries.increment(
  File "/home/airflow/.local/lib/python3.8/site-packages/urllib3/util/retry.py", line 592, in increment
    raise MaxRetryError(_pool, url, error or ResponseError(cause))
urllib3.exceptions.MaxRetryError: HTTPSConnectionPool(host='localhost', port=443): Max retries exceeded with url: /api/2.1/jobs/run-now (Caused by NewConnectionError('<urllib3.connection.HTTPSConnection object at 0x7eae36dd0be0>: Failed to establish a new connection: [Errno 111] Connection refused'))

During handling of the above exception, another exception occurred:

Traceback (most recent call last):
  File "/home/airflow/.local/lib/python3.8/site-packages/airflow/providers/databricks/hooks/databricks_base.py", line 564, in _do_api_call
    response = request_func(
  File "/home/airflow/.local/lib/python3.8/site-packages/requests/api.py", line 115, in post
    return request("post", url, data=data, json=json, **kwargs)
  File "/home/airflow/.local/lib/python3.8/site-packages/requests/api.py", line 59, in request
    return session.request(method=method, url=url, **kwargs)
  File "/home/airflow/.local/lib/python3.8/site-packages/requests/sessions.py", line 589, in request
    resp = self.send(prep, **send_kwargs)
  File "/home/airflow/.local/lib/python3.8/site-packages/requests/sessions.py", line 703, in send
    r = adapter.send(request, **kwargs)
  File "/home/airflow/.local/lib/python3.8/site-packages/requests/adapters.py", line 519, in send
    raise ConnectionError(e, request=request)
requests.exceptions.ConnectionError: HTTPSConnectionPool(host='localhost', port=443): Max retries exceeded with url: /api/2.1/jobs/run-now (Caused by NewConnectionError('<urllib3.connection.HTTPSConnection object at 0x7eae36dd0be0>: Failed to establish a new connection: [Errno 111] Connection refused'))

The above exception was the direct cause of the following exception:

Traceback (most recent call last):
  File "/home/airflow/.local/lib/python3.8/site-packages/airflow/providers/databricks/hooks/databricks_base.py", line 562, in _do_api_call
    for attempt in self._get_retry_object():
  File "/home/airflow/.local/lib/python3.8/site-packages/tenacity/__init__.py", line 347, in __iter__
    do = self.iter(retry_state=retry_state)
  File "/home/airflow/.local/lib/python3.8/site-packages/tenacity/__init__.py", line 326, in iter
    raise retry_exc from fut.exception()
tenacity.RetryError: RetryError[<Future at 0x7eae36dd07c0 state=finished raised ConnectionError>]

During handling of the above exception, another exception occurred:

Traceback (most recent call last):
  File "/home/airflow/.local/lib/python3.8/site-packages/airflow/models/taskinstance.py", line 433, in _execute_task
    result = execute_callable(context=context, **execute_callable_kwargs)
  File "/home/airflow/.local/lib/python3.8/site-packages/airflow/providers/databricks/operators/databricks.py", line 918, in execute
    self.run_id = hook.run_now(self.json)
  File "/home/airflow/.local/lib/python3.8/site-packages/airflow/providers/databricks/hooks/databricks.py", line 253, in run_now
    response = self._do_api_call(RUN_NOW_ENDPOINT, json)
  File "/home/airflow/.local/lib/python3.8/site-packages/airflow/providers/databricks/hooks/databricks_base.py", line 575, in _do_api_call
    raise AirflowException(f"API requests to Databricks failed {self.retry_limit} times. Giving up.")
airflow.exceptions.AirflowException: API requests to Databricks failed 3 times. Giving up.
[2025-12-30T09:25:59.371+0000] {taskinstance.py:1138} INFO - Marking task as UP_FOR_RETRY. dag_id=co2_emissions_databricks_etl, task_id=run_co2_databricks_job, execution_date=20251229T000000, start_date=20251230T092555, end_date=20251230T092559
[2025-12-30T09:25:59.400+0000] {standard_task_runner.py:107} ERROR - Failed to execute job 2 for task run_co2_databricks_job (API requests to Databricks failed 3 times. Giving up.; 207)
[2025-12-30T09:25:59.451+0000] {local_task_job_runner.py:234} INFO - Task exited with return code 1
[2025-12-30T09:25:59.489+0000] {taskinstance.py:3280} INFO - 0 downstream tasks scheduled from follow-on schedule check
[2025-12-30T09:40:28.687+0000] {taskinstance.py:1956} INFO - Dependencies all met for dep_context=non-requeueable deps ti=<TaskInstance: co2_emissions_databricks_etl.run_co2_databricks_job scheduled__2025-12-29T00:00:00+00:00 [queued]>
[2025-12-30T09:40:28.696+0000] {taskinstance.py:1956} INFO - Dependencies all met for dep_context=requeueable deps ti=<TaskInstance: co2_emissions_databricks_etl.run_co2_databricks_job scheduled__2025-12-29T00:00:00+00:00 [queued]>
[2025-12-30T09:40:28.697+0000] {taskinstance.py:2170} INFO - Starting attempt 1 of 3
[2025-12-30T09:40:28.712+0000] {taskinstance.py:2191} INFO - Executing <Task(DatabricksRunNowOperator): run_co2_databricks_job> on 2025-12-29 00:00:00+00:00
[2025-12-30T09:40:28.716+0000] {standard_task_runner.py:60} INFO - Started process 217 to run task
[2025-12-30T09:40:28.721+0000] {standard_task_runner.py:87} INFO - Running: ['***', 'tasks', 'run', 'co2_emissions_databricks_etl', 'run_co2_databricks_job', 'scheduled__2025-12-29T00:00:00+00:00', '--job-id', '2', '--raw', '--subdir', 'DAGS_FOLDER/co2_databricks_etl_dag.py', '--cfg-path', '/tmp/tmpfuvh6qca']
[2025-12-30T09:40:28.724+0000] {standard_task_runner.py:88} INFO - Job 2: Subtask run_co2_databricks_job
[2025-12-30T09:40:28.835+0000] {task_command.py:423} INFO - Running <TaskInstance: co2_emissions_databricks_etl.run_co2_databricks_job scheduled__2025-12-29T00:00:00+00:00 [running]> on host ae0ec2f5ec36
[2025-12-30T09:40:28.939+0000] {taskinstance.py:2480} INFO - Exporting env vars: AIRFLOW_CTX_DAG_OWNER='Bhavani' AIRFLOW_CTX_DAG_ID='co2_emissions_databricks_etl' AIRFLOW_CTX_TASK_ID='run_co2_databricks_job' AIRFLOW_CTX_EXECUTION_DATE='2025-12-29T00:00:00+00:00' AIRFLOW_CTX_TRY_NUMBER='1' AIRFLOW_CTX_DAG_RUN_ID='scheduled__2025-12-29T00:00:00+00:00'
[2025-12-30T09:40:28.951+0000] {base.py:83} INFO - Using connection ID 'databricks_default' for task execution.
[2025-12-30T09:40:28.953+0000] {databricks_base.py:461} INFO - Using token auth. For security reasons, please set token in Password field instead of extra
[2025-12-30T09:40:30.635+0000] {databricks.py:66} INFO - Run submitted with run_id: 457288801720258
[2025-12-30T09:40:30.636+0000] {databricks_base.py:461} INFO - Using token auth. For security reasons, please set token in Password field instead of extra
[2025-12-30T09:40:31.891+0000] {databricks_base.py:461} INFO - Using token auth. For security reasons, please set token in Password field instead of extra
[2025-12-30T09:40:33.549+0000] {databricks_base.py:516} ERROR - Attempt 1 API Request to Databricks failed with reason: <Future at 0x79899dde4250 state=finished raised SSLError>
[2025-12-30T09:40:35.760+0000] {databricks.py:128} INFO - run_co2_databricks_job in run state: {'life_cycle_state': 'RUNNING', 'result_state': '', 'state_message': ''}
[2025-12-30T09:40:35.765+0000] {databricks.py:129} INFO - View run status, Spark UI, and logs at https://dbc-442a6c74-78c7.cloud.databricks.com/?o=4351480801582393#job/786321176354304/run/457288801720258
[2025-12-30T09:40:35.768+0000] {databricks.py:130} INFO - Sleeping for 30 seconds.
[2025-12-30T09:41:05.768+0000] {databricks_base.py:461} INFO - Using token auth. For security reasons, please set token in Password field instead of extra
[2025-12-30T09:41:06.959+0000] {databricks.py:128} INFO - run_co2_databricks_job in run state: {'life_cycle_state': 'RUNNING', 'result_state': '', 'state_message': ''}
[2025-12-30T09:41:06.961+0000] {databricks.py:129} INFO - View run status, Spark UI, and logs at https://dbc-442a6c74-78c7.cloud.databricks.com/?o=4351480801582393#job/786321176354304/run/457288801720258
[2025-12-30T09:41:06.961+0000] {databricks.py:130} INFO - Sleeping for 30 seconds.
[2025-12-30T09:41:36.977+0000] {databricks_base.py:461} INFO - Using token auth. For security reasons, please set token in Password field instead of extra
[2025-12-30T09:41:38.280+0000] {databricks.py:128} INFO - run_co2_databricks_job in run state: {'life_cycle_state': 'RUNNING', 'result_state': '', 'state_message': ''}
[2025-12-30T09:41:38.282+0000] {databricks.py:129} INFO - View run status, Spark UI, and logs at https://dbc-442a6c74-78c7.cloud.databricks.com/?o=4351480801582393#job/786321176354304/run/457288801720258
[2025-12-30T09:41:38.283+0000] {databricks.py:130} INFO - Sleeping for 30 seconds.
[2025-12-30T09:42:08.300+0000] {databricks_base.py:461} INFO - Using token auth. For security reasons, please set token in Password field instead of extra
[2025-12-30T09:42:09.614+0000] {databricks.py:128} INFO - run_co2_databricks_job in run state: {'life_cycle_state': 'RUNNING', 'result_state': '', 'state_message': ''}
[2025-12-30T09:42:09.616+0000] {databricks.py:129} INFO - View run status, Spark UI, and logs at https://dbc-442a6c74-78c7.cloud.databricks.com/?o=4351480801582393#job/786321176354304/run/457288801720258
[2025-12-30T09:42:09.620+0000] {databricks.py:130} INFO - Sleeping for 30 seconds.
[2025-12-30T09:42:39.648+0000] {databricks_base.py:461} INFO - Using token auth. For security reasons, please set token in Password field instead of extra
[2025-12-30T09:42:41.055+0000] {databricks.py:77} INFO - run_co2_databricks_job completed successfully.
[2025-12-30T09:42:41.057+0000] {databricks.py:78} INFO - View run status, Spark UI, and logs at https://dbc-442a6c74-78c7.cloud.databricks.com/?o=4351480801582393#job/786321176354304/run/457288801720258
[2025-12-30T09:42:41.072+0000] {taskinstance.py:1138} INFO - Marking task as SUCCESS. dag_id=co2_emissions_databricks_etl, task_id=run_co2_databricks_job, execution_date=20251229T000000, start_date=20251230T094028, end_date=20251230T094241
[2025-12-30T09:42:41.116+0000] {local_task_job_runner.py:234} INFO - Task exited with return code 0
[2025-12-30T09:42:41.139+0000] {taskinstance.py:3280} INFO - 0 downstream tasks scheduled from follow-on schedule check
